hp-check[151479]: info: :
hp-check[151479]: info: :[01mHP Linux Imaging and Printing System (ver. 3.20.3)[0m
hp-check[151479]: info: :[01mDependency/Version Check Utility ver. 15.1[0m
hp-check[151479]: info: :
hp-check[151479]: info: :Copyright (c) 2001-18 HP Development Company, LP
hp-check[151479]: info: :This software comes with ABSOLUTELY NO WARRANTY.
hp-check[151479]: info: :This is free software, and you are welcome to distribute it
hp-check[151479]: info: :under certain conditions. See COPYING file for more details.
hp-check[151479]: info: :
hp-check[151479]: info: :[01mNote: hp-check can be run in three modes:[0m
hp-check[151479]: info: :1. Compile-time check mode (-c or --compile): Use this mode before compiling the
hp-check[151479]: info: :HPLIP supplied tarball (.tar.gz or .run) to determine if the proper dependencies
hp-check[151479]: info: :are installed to successfully compile HPLIP.                                    
hp-check[151479]: info: :2. Run-time check mode (-r or --run): Use this mode to determine if a distro    
hp-check[151479]: info: :supplied package (.deb, .rpm, etc) or an already built HPLIP supplied tarball   
hp-check[151479]: info: :has the proper dependencies installed to successfully run.                      
hp-check[151479]: info: :3. Both compile- and run-time check mode (-b or --both) (Default): This mode    
hp-check[151479]: info: :will check both of the above cases (both compile- and run-time dependencies).   
hp-check[151479]: info: :
hp-check[151479]: info: :Check types:                                                                    
hp-check[151479]: info: :a. EXTERNALDEP - External Dependencies                                          
hp-check[151479]: info: :b. GENERALDEP - General Dependencies (required both at compile and run time)    
hp-check[151479]: info: :c. COMPILEDEP - Compile time Dependencies                                       
hp-check[151479]: info: :d. [All are run-time checks]                                                    
hp-check[151479]: info: :PYEXT SCANCONF QUEUES PERMISSION                                                
hp-check[151479]: info: :
hp-check[151479]: info: :Status Types:
hp-check[151479]: info: :    OK
hp-check[151479]: info: :    MISSING       - Missing Dependency or Permission or Plug-in
hp-check[151479]: info: :    INCOMPAT      - Incompatible dependency-version or Plugin-version
hp-check[151479]: info: :
warning: [01mubuntu-20.04 version is not supported. Using ubuntu-19.10 versions dependencies to verify and install...[0m
hp-check[151479]: info: :
hp-check[151479]: info: :---------------
hp-check[151479]: info: :| SYSTEM INFO |
hp-check[151479]: info: :---------------
hp-check[151479]: info: :
hp-check[151479]: info: : Kernel: 5.8.0-53-generic #60~20.04.1-Ubuntu SMP Thu May 6 09:52:46 UTC 2021 GNU/Linux
 Host: shubham
 Proc: 5.8.0-53-generic #60~20.04.1-Ubuntu SMP Thu May 6 09:52:46 UTC 2021 GNU/Linux
 Distribution: ubuntu 20.04
hp-check[151479]: info: : Bitness: 64 bit

hp-check[151479]: info: :
hp-check[151479]: info: :-----------------------
hp-check[151479]: info: :| HPLIP CONFIGURATION |
hp-check[151479]: info: :-----------------------
hp-check[151479]: info: :
hp-check[151479]: info: :HPLIP-Version: HPLIP 3.20.3
hp-check[151479]: info: :HPLIP-Home: /usr/share/hplip
warning: HPLIP-Installation: Auto installation is not supported for ubuntu distro  20.04 version 
hp-check[151479]: info: :
hp-check[151479]: info: :[01mCurrent contents of '/etc/hp/hplip.conf' file:[0m
hp-check[151479]: info: :# hplip.conf.  Generated from hplip.conf.in by configure.

[hplip]
version=3.20.3

[dirs]
home=/usr/share/hplip
run=/var/run
ppd=/usr/share/ppd/hplip/HP
ppdbase=/usr/share/ppd/hplip
doc=/usr/share/doc/hplip
html=/usr/share/doc/hplip-doc
icon=no
cupsbackend=/usr/lib/cups/backend
cupsfilter=/usr/lib/cups/filter
drv=/usr/share/cups/drv
bin=/usr/bin
apparmor=/etc/apparmor.d
# Following values are determined at configure time and cannot be changed.
[configure]
network-build=yes
libusb01-build=no
pp-build=no
gui-build=yes
scanner-build=yes
fax-build=yes
dbus-build=yes
cups11-build=no
doc-build=yes
shadow-build=no
hpijs-install=yes
foomatic-drv-install=yes
foomatic-ppd-install=no
foomatic-rip-hplip-install=no
hpcups-install=yes
cups-drv-install=yes
cups-ppd-install=no
internal-tag=3.20.3
restricted-build=no
ui-toolkit=qt5
qt3=no
qt4=no
qt5=yes
policy-kit=yes
lite-build=no
udev_sysfs_rules=no
hpcups-only-build=no
hpijs-only-build=no
apparmor_build=no
class-driver=no

hp-check[151479]: info: :
hp-check[151479]: info: :[01mCurrent contents of '/var/lib/hp/hplip.state' file:[0m
hp-check[151479]: info: :Plugins are not installed. Could not access file: No such file or directory
hp-check[151479]: info: :
hp-check[151479]: info: :[01mCurrent contents of '~/.hplip/hplip.conf' file:[0m
hp-check[151479]: info: :[installation]
date_time = 05/22/21 22:08:31
version = 3.20.3


hp-check[151479]: info: : <Package-name>        <Package-Desc>      <Required/Optional> <Min-Version> <Installed-Version> <Status>   <Comment>
hp-check[151479]: info: :
hp-check[151479]: info: :-------------------------
hp-check[151479]: info: :| External Dependencies |
hp-check[151479]: info: :-------------------------
hp-check[151479]: info: :
hp-check[151479]: info: :[31;01m error: cups          CUPS - Common Unix Printing System                           REQUIRED        1.1             -               INCOMPAT   'CUPS may not be installed or not running'[0m
hp-check[151479]: info: : gs                   GhostScript - PostScript and PDF language interpreter and previewer REQUIRED        7.05            9.50            OK         -
hp-check[151479]: info: :[31;01m error: xsane         xsane - Graphical scanner frontend for SANE                  OPTIONAL        0.9             -               MISSING    'xsane needs to be installed'[0m
hp-check[151479]: info: : scanimage            scanimage - Shell scanning program                           OPTIONAL        1.0             1.0.29          OK         -
hp-check[151479]: info: :[31;01m error: dbus          DBus - Message bus system                                    REQUIRED        -               1.13.18         MISSING    'DBUS may not be installed or not running'[0m
hp-check[151479]: info: : policykit            PolicyKit - Administrative policy framework                  OPTIONAL        -               0.105           OK         -
hp-check[151479]: info: : network              network -wget                                                OPTIONAL        -               1.20.3          OK         -
hp-check[151479]: info: : avahi-utils          avahi-utils                                                  OPTIONAL        -               0.7             OK         -
hp-check[151479]: info: :
hp-check[151479]: info: :------------------------
hp-check[151479]: info: :| General Dependencies |
hp-check[151479]: info: :------------------------
hp-check[151479]: info: :
hp-check[151479]: info: :[31;01m error: libjpeg       libjpeg - JPEG library                                       REQUIRED        -               -               MISSING    'libjpeg needs to be installed'[0m
hp-check[151479]: info: :[31;01m error: cups-devel    CUPS devel- Common Unix Printing System development files    REQUIRED        -               -               MISSING    'cups-devel needs to be installed'[0m
hp-check[151479]: info: :[31;01m error: cups-image    CUPS image - CUPS image development files                    REQUIRED        -               -               MISSING    'cups-image needs to be installed'[0m
hp-check[151479]: info: : libpthread           libpthread - POSIX threads library                           REQUIRED        -               b'2.31'         OK         -
hp-check[151479]: info: :[31;01m error: libusb        libusb - USB library                                         REQUIRED        -               1.0             MISSING    'libusb needs to be installed'[0m
hp-check[151479]: info: : sane                 SANE - Scanning library                                      REQUIRED        -               -               OK         -
hp-check[151479]: info: :[31;01m error: sane-devel    SANE - Scanning library development files                    REQUIRED        -               -               MISSING    'sane-devel needs to be installed'[0m
hp-check[151479]: info: :[31;01m error: libnetsnmp-devel libnetsnmp-devel - SNMP networking library development files REQUIRED        5.0.9           -               MISSING    'libnetsnmp-devel needs to be installed'[0m
hp-check[151479]: info: : libcrypto            libcrypto - OpenSSL cryptographic library                    REQUIRED        -               1.1.1           OK         -
hp-check[151479]: info: : python3X             Python 2.2 or greater - Python programming language          REQUIRED        2.2             3.8.5           OK         -
hp-check[151479]: info: :[31;01m error: python3-notify2 Python libnotify - Python bindings for the libnotify Desktop notifications OPTIONAL        -               -               MISSING    'python3-notify2 needs to be installed'[0m
hp-check[151479]: info: :[31;01m error: python3-pyqt4-dbus PyQt 4 DBus - DBus Support for PyQt4                         OPTIONAL        4.0             -               MISSING    'python3-pyqt4-dbus needs to be installed'[0m
hp-check[151479]: info: :[31;01m error: python3-pyqt4 PyQt 4- Qt interface for Python (for Qt version 4.x)         REQUIRED        4.0             -               MISSING    'python3-pyqt4 needs to be installed'[0m
hp-check[151479]: info: : python3-dbus         Python DBus - Python bindings for DBus                       REQUIRED        0.80.0          1.2.16          OK         -
hp-check[151479]: info: : python3-xml          Python XML libraries                                         REQUIRED        -               2.2.9           OK         -
hp-check[151479]: info: : python3-devel        Python devel - Python development files                      REQUIRED        2.2             3.8.5           OK         -
hp-check[151479]: info: : python3-pil          PIL - Python Imaging Library (required for commandline scanning with hp-scan) OPTIONAL        -               7.0.0           OK         -
hp-check[151479]: info: : python3-reportlab    Reportlab - PDF library for Python                           OPTIONAL        2.0             3.5.34          OK         -
hp-check[151479]: info: :
hp-check[151479]: info: :--------------
hp-check[151479]: info: :| COMPILEDEP |
hp-check[151479]: info: :--------------
hp-check[151479]: info: :
hp-check[151479]: info: :[31;01m error: libtool       libtool - Library building support services                  REQUIRED        -               -               MISSING    'libtool needs to be installed'[0m
hp-check[151479]: info: : gcc                  gcc - GNU Project C and C++ Compiler                         REQUIRED        -               9.3.0           OK         -
hp-check[151479]: info: : make                 make - GNU make utility to maintain groups of programs       REQUIRED        3.0             4.2.1           OK         -
hp-check[151479]: info: :
hp-check[151479]: info: :---------------------
hp-check[151479]: info: :| Python Extentions |
hp-check[151479]: info: :---------------------
hp-check[151479]: info: :
hp-check[151479]: info: : cupsext              CUPS-Extension                                               REQUIRED        -               3.20.3          OK         -
hp-check[151479]: info: : hpmudext             IO-Extension                                                 REQUIRED        -               3.20.3          OK         -
hp-check[151479]: info: :
hp-check[151479]: info: :----------------------
hp-check[151479]: info: :| Scan Configuration |
hp-check[151479]: info: :----------------------
hp-check[151479]: info: :
hp-check[151479]: info: :'/etc/sane.d/dll.d/hpaio' not found.
hp-check[151479]: info: : hpaio                HPLIP-SANE-Backend                                           REQUIRED        -               3.20.3          OK         'hpaio found in /etc/sane.d/dll.conf'
hp-check[151479]: info: : scanext              Scan-SANE-Extension                                          REQUIRED        -               3.20.3          OK         -
hp-check[151479]: info: :
hp-check[151479]: info: :------------------------------
hp-check[151479]: info: :| DISCOVERED SCANNER DEVICES |
hp-check[151479]: info: :------------------------------
hp-check[151479]: info: :
hp-check[151479]: info: :No Scanner found.
hp-check[151479]: info: :
hp-check[151479]: info: :--------------------------
hp-check[151479]: info: :| DISCOVERED USB DEVICES |
hp-check[151479]: info: :--------------------------
hp-check[151479]: info: :
hp-check[151479]: info: :No devices found.
hp-check[151479]: info: :
hp-check[151479]: info: :---------------------------------
hp-check[151479]: info: :| INSTALLED CUPS PRINTER QUEUES |
hp-check[151479]: info: :---------------------------------
hp-check[151479]: info: :
hp-check[151479]: info: :
hp-check[151479]: info: :[01mHP-LaserJet-1020[0m
hp-check[151479]: info: :[01m----------------[0m
hp-check[151479]: info: :Type: Unknown
hp-check[151479]: info: :Device URI: usb://HP/LaserJet%201020?serial=S449PVA
hp-check[151479]: info: :PPD: /etc/cups/ppd/HP-LaserJet-1020.ppd
warning: Failed to read /etc/cups/ppd/HP-LaserJet-1020.ppd ppd file
hp-check[151479]: info: :PPD Description: 
hp-check[151479]: info: :Printer status: printer HP-LaserJet-1020 is idle.  enabled since Sunday 16 May 2021 07:11:29 PM
warning: Printer is not HPLIP installed. Printers must use the hp: or hpfax: CUPS backend for HP-Devices.
hp-check[151479]: info: :
hp-check[151479]: info: :
hp-check[151479]: info: :--------------
hp-check[151479]: info: :| PERMISSION |
hp-check[151479]: info: :--------------
hp-check[151479]: info: :
hp-check[151479]: info: :
hp-check[151479]: info: :-----------
hp-check[151479]: info: :| SUMMARY |
hp-check[151479]: info: :-----------
hp-check[151479]: info: :
hp-check[151479]: info: :[01mMissing Required Dependencies[0m
hp-check[151479]: info: :[01m-----------------------------[0m
error: 'libcups2' package is missing/incompatible 
error: 'libdbus-1-dev' package is missing/incompatible 
error: 'libjpeg-dev' package is missing/incompatible 
error: 'libcups2-dev' package is missing/incompatible 
error: 'cups-bsd' package is missing/incompatible 
error: 'cups-client' package is missing/incompatible 
error: 'libcupsimage2-dev' package is missing/incompatible 
error: 'libusb-1.0.0-dev' package is missing/incompatible 
error: 'libusb-0.1-4' package is missing/incompatible 
error: 'libsane-dev' package is missing/incompatible 
error: 'libsnmp-dev' package is missing/incompatible 
error: 'snmp-mibs-downloader' package is missing/incompatible 
error: 'python3-pyqt4' package is missing/incompatible 
error: 'gtk2-engines-pixbuf' package is missing/incompatible 
error: 'libtool' package is missing/incompatible 
error: 'libtool-bin' package is missing/incompatible 
hp-check[151479]: info: :
hp-check[151479]: info: :[01mMissing Optional Dependencies[0m
hp-check[151479]: info: :[01m-----------------------------[0m
error: 'gtk2-engines-pixbuf' package is missing/incompatible 
error: 'xsane' package is missing/incompatible 
error: 'python3-notify2' package is missing/incompatible 
error: 'python3-dbus.mainloop.qt' package is missing/incompatible 
hp-check[151479]: info: :
hp-check[151479]: info: :Total Errors: 13
hp-check[151479]: info: :Total Warnings: 1
hp-check[151479]: info: :
hp-check[151479]: info: :
hp-check[151479]: info: :Done.
